SF:lib/utils/shared_pref_proxy.dart
DA:4,0
LF:1
LH:0
end_of_record
SF:lib/pages/auth_entry/auth_entry_page.dart
DA:33,1
DA:35,1
DA:37,1
DA:38,1
DA:39,1
DA:40,2
DA:41,2
DA:44,1
DA:45,1
DA:46,1
DA:48,1
DA:49,1
DA:51,1
DA:53,1
DA:61,1
DA:63,1
DA:64,1
DA:65,1
DA:67,1
DA:68,1
DA:69,1
DA:71,1
DA:73,1
DA:75,1
DA:77,1
DA:78,1
DA:80,1
DA:82,1
DA:83,1
DA:84,1
DA:92,1
DA:96,1
DA:98,1
DA:101,1
DA:102,1
DA:106,1
DA:107,0
DA:128,1
DA:133,1
DA:135,1
DA:138,3
DA:139,1
DA:140,4
DA:141,1
DA:142,4
DA:143,4
DA:145,1
DA:148,1
DA:161,1
DA:163,1
DA:165,1
DA:166,1
DA:167,1
DA:168,1
DA:169,1
DA:170,1
DA:171,1
DA:172,1
LF:58
LH:57
end_of_record
SF:lib/utils/root_provider_scope.dart
DA:7,1
DA:12,1
DA:13,1
DA:15,2
DA:17,2
LF:5
LH:5
end_of_record
SF:lib/app/theme.dart
DA:5,1
DA:12,1
DA:16,1
DA:17,1
DA:22,1
DA:27,1
DA:32,1
DA:37,1
DA:42,1
DA:47,1
DA:48,1
DA:49,1
DA:70,1
DA:73,1
DA:74,1
DA:77,1
DA:78,1
LF:17
LH:17
end_of_record
SF:lib/widgets/scanner_overlay_box.dart
DA:4,1
DA:19,1
DA:21,1
DA:25,2
DA:26,1
DA:29,2
DA:31,1
DA:32,1
DA:33,1
DA:34,3
DA:36,1
DA:37,1
DA:38,1
DA:39,1
DA:40,1
DA:41,1
DA:42,1
DA:43,1
DA:44,1
DA:45,1
DA:49,1
DA:51,1
DA:52,2
DA:53,5
DA:54,1
DA:55,4
DA:56,1
DA:57,1
DA:58,2
DA:59,2
DA:88,2
DA:89,2
DA:90,2
DA:91,2
DA:95,1
DA:107,1
DA:109,3
DA:111,1
DA:114,1
DA:115,1
DA:117,2
DA:118,3
DA:121,2
DA:122,3
DA:125,2
DA:126,3
DA:129,2
DA:130,3
LF:48
LH:48
end_of_record
SF:lib/states/app_state.dart
DA:3,3
DA:4,0
DA:8,2
DA:9,1
LF:4
LH:3
end_of_record
