SF:lib/pages/auth_entry/widgets/image_section.dart
DA:4,1
DA:6,1
DA:8,1
DA:9,1
DA:10,1
DA:11,1
DA:12,1
DA:13,1
DA:14,1
DA:15,1
LF:10
LH:10
end_of_record
SF:lib/pages/auth_entry/widgets/indicators.dart
DA:4,1
DA:9,1
DA:11,1
DA:14,3
DA:15,1
DA:16,4
DA:17,1
DA:18,4
DA:19,4
DA:21,1
DA:24,1
LF:11
LH:11
end_of_record
SF:lib/pages/auth_entry/auth_entry_page.dart
DA:14,1
DA:16,1
DA:18,2
DA:20,1
DA:21,1
DA:22,1
DA:23,2
DA:24,2
DA:27,1
DA:29,1
DA:30,1
DA:32,1
DA:33,1
DA:35,1
DA:37,1
DA:45,1
DA:47,1
DA:48,1
DA:49,1
DA:51,1
DA:52,1
DA:53,1
DA:55,1
DA:57,1
DA:59,1
DA:61,1
DA:62,1
DA:64,1
DA:66,1
DA:67,1
DA:68,1
DA:76,1
DA:80,1
DA:82,1
DA:85,1
DA:86,1
DA:90,1
DA:92,0
DA:93,0
LF:39
LH:37
end_of_record
SF:lib/utils/root_provider_scope.dart
DA:12,1
DA:22,1
DA:24,2
DA:28,0
DA:31,0
DA:34,0
DA:37,0
DA:40,0
DA:43,0
DA:46,1
LF:10
LH:4
end_of_record
SF:lib/app/theme.dart
DA:5,1
DA:12,1
DA:18,1
DA:19,1
DA:23,1
DA:27,1
DA:31,1
DA:35,1
DA:39,1
DA:43,1
DA:44,1
DA:45,1
DA:84,1
DA:85,1
DA:87,2
DA:88,1
DA:89,1
LF:17
LH:17
end_of_record
SF:lib/app/routes.dart
DA:13,0
DA:14,0
DA:18,0
DA:25,0
DA:31,0
DA:37,0
DA:38,0
DA:39,0
DA:43,0
DA:44,0
DA:45,0
DA:49,0
DA:50,0
DA:57,0
DA:59,0
DA:62,0
DA:64,0
DA:67,0
DA:69,0
DA:72,0
DA:74,0
LF:21
LH:0
end_of_record
SF:lib/controllers/auth_entry_controller.dart
DA:6,3
DA:7,2
DA:11,1
DA:15,0
DA:16,0
LF:5
LH:3
end_of_record
SF:lib/enums/macro_nutrients.dart
DA:11,0
DA:13,0
DA:14,0
DA:15,0
DA:16,0
DA:17,0
LF:6
LH:0
end_of_record
SF:lib/enums/measurement_system.dart
DA:7,0
LF:1
LH:0
end_of_record
SF:lib/extensions/date_time.dart
DA:2,0
DA:3,0
DA:6,0
DA:9,0
DA:10,0
LF:5
LH:0
end_of_record
SF:lib/extensions/time_of_day.dart
DA:6,0
DA:7,0
DA:10,0
DA:11,0
DA:13,0
DA:15,0
DA:16,0
DA:19,0
LF:8
LH:0
end_of_record
SF:lib/models/macro_nutrient_value.dart
DA:4,0
DA:10,0
DA:11,0
DA:12,0
DA:13,0
DA:14,0
DA:18,0
DA:23,0
DA:26,0
DA:31,0
DA:38,0
DA:39,0
LF:12
LH:0
end_of_record
SF:lib/models/meal_time_reminder.dart
DA:5,0
DA:7,0
DA:8,0
DA:9,0
DA:10,0
DA:11,0
DA:19,0
DA:20,0
DA:21,0
DA:22,0
DA:23,0
DA:29,0
DA:30,0
LF:13
LH:0
end_of_record
SF:lib/models/nutrition_plan.dart
DA:4,0
DA:11,0
DA:12,0
DA:13,0
DA:14,0
DA:15,0
DA:16,0
DA:20,0
DA:21,0
DA:22,0
DA:23,0
DA:24,0
DA:25,0
DA:33,0
DA:34,0
DA:35,0
DA:36,0
DA:37,0
DA:38,0
DA:44,0
DA:52,0
DA:53,0
DA:54,0
DA:55,0
DA:56,0
DA:57,0
DA:58,0
DA:68,0
DA:69,0
DA:70,0
DA:71,0
DA:72,0
DA:73,0
DA:74,0
DA:81,0
DA:87,0
DA:88,0
DA:89,0
DA:90,0
DA:91,0
DA:99,0
DA:100,0
DA:101,0
DA:102,0
DA:103,0
LF:45
LH:0
end_of_record
SF:lib/models/unit_length.dart
DA:3,0
DA:4,0
DA:8,0
DA:9,0
DA:12,0
DA:24,0
DA:25,0
DA:26,0
DA:27,0
DA:28,0
DA:29,0
DA:33,0
DA:35,0
DA:36,0
DA:37,0
DA:38,0
DA:41,0
DA:43,0
DA:48,0
DA:49,0
DA:50,0
DA:60,0
DA:61,0
DA:63,0
DA:66,0
DA:68,0
DA:69,0
DA:70,0
DA:71,0
DA:78,0
DA:79,0
DA:85,0
DA:86,0
DA:88,0
DA:89,0
DA:91,0
DA:94,0
DA:96,0
LF:38
LH:0
end_of_record
SF:lib/models/unit_weight.dart
DA:3,0
DA:4,0
DA:8,0
DA:9,0
DA:12,0
DA:24,0
DA:25,0
DA:28,0
DA:30,0
DA:33,0
DA:35,0
DA:40,0
DA:41,0
DA:47,0
DA:48,0
DA:50,0
DA:53,0
DA:55,0
DA:58,0
DA:60,0
DA:63,0
DA:64,0
DA:69,0
DA:70,0
DA:76,0
DA:77,0
DA:79,0
DA:82,0
DA:84,0
DA:87,0
DA:89,0
DA:92,0
DA:93,0
LF:33
LH:0
end_of_record
SF:lib/models/user_profile.dart
DA:7,0
DA:19,0
DA:20,0
DA:21,0
DA:22,0
DA:23,0
DA:24,0
DA:25,0
DA:27,0
DA:28,0
DA:29,0
DA:30,0
DA:44,0
DA:45,0
DA:46,0
DA:47,0
DA:48,0
DA:49,0
DA:50,0
DA:51,0
DA:52,0
DA:53,0
DA:54,0
DA:58,0
DA:60,0
DA:61,0
DA:62,0
DA:63,0
DA:64,0
DA:65,0
DA:66,0
DA:67,0
DA:68,0
DA:69,0
DA:70,0
DA:73,0
DA:84,0
DA:85,0
DA:86,0
DA:87,0
DA:88,0
DA:89,0
DA:90,0
DA:91,0
DA:92,0
DA:93,0
DA:97,0
DA:99,0
LF:48
LH:0
end_of_record
SF:lib/widgets/scanner_overlay_box.dart
DA:4,1
DA:19,1
DA:21,1
DA:25,2
DA:26,1
DA:29,2
DA:31,1
DA:32,1
DA:33,1
DA:34,3
DA:36,1
DA:37,1
DA:38,1
DA:39,1
DA:40,1
DA:41,1
DA:42,1
DA:43,1
DA:44,1
DA:45,1
DA:49,1
DA:51,1
DA:52,2
DA:53,5
DA:54,1
DA:55,4
DA:56,1
DA:57,1
DA:58,2
DA:59,2
DA:88,2
DA:89,2
DA:90,2
DA:91,2
DA:95,1
DA:107,1
DA:109,3
DA:111,1
DA:114,1
DA:115,1
DA:117,2
DA:118,3
DA:121,2
DA:122,3
DA:125,2
DA:126,3
DA:129,2
DA:130,3
LF:48
LH:48
end_of_record
SF:lib/widgets/nutrition_progress_card.dart
DA:4,0
DA:8,0
DA:10,0
DA:12,0
DA:14,0
DA:15,0
DA:17,0
DA:20,0
DA:21,0
DA:22,0
DA:25,0
DA:26,0
DA:27,0
DA:30,0
DA:31,0
DA:32,0
DA:33,0
DA:37,0
DA:38,0
DA:40,0
DA:42,0
DA:43,0
DA:44,0
LF:23
LH:0
end_of_record
SF:lib/widgets/custom_filled_button.dart
DA:4,0
DA:15,0
DA:17,0
DA:18,0
DA:19,0
DA:20,0
DA:22,0
DA:23,0
DA:26,0
DA:27,0
DA:33,0
DA:44,0
DA:46,0
DA:47,0
DA:48,0
DA:49,0
DA:51,0
DA:52,0
DA:65,0
DA:66,0
LF:20
LH:0
end_of_record
SF:lib/widgets/options_list.dart
DA:5,0
DA:17,0
DA:19,0
DA:21,0
DA:24,0
DA:25,0
DA:26,0
DA:27,0
DA:28,0
DA:29,0
DA:31,0
DA:32,0
DA:40,0
DA:41,0
DA:42,0
DA:44,0
LF:16
LH:0
end_of_record
SF:lib/widgets/sensitive_field.dart
DA:4,0
DA:21,0
DA:23,0
DA:25,0
DA:26,0
DA:27,0
DA:28,0
DA:29,0
DA:30,0
DA:31,0
DA:32,0
DA:33,0
DA:36,0
DA:37,0
DA:38,0
DA:42,0
DA:43,0
LF:17
LH:0
end_of_record
SF:lib/widgets/wheel_picker.dart
DA:4,0
DA:30,0
DA:35,0
DA:36,0
DA:37,0
DA:38,0
DA:39,0
DA:43,0
DA:44,0
DA:47,0
DA:49,0
DA:50,0
DA:51,0
DA:52,0
DA:53,0
DA:54,0
DA:55,0
DA:56,0
DA:58,0
DA:59,0
DA:60,0
DA:65,0
DA:66,0
DA:73,0
DA:74,0
DA:75,0
DA:76,0
DA:78,0
DA:79,0
DA:80,0
DA:81,0
DA:83,0
DA:84,0
DA:85,0
DA:86,0
DA:90,0
DA:100,0
DA:107,0
DA:108,0
DA:110,0
DA:111,0
DA:112,0
DA:115,0
DA:116,0
DA:117,0
DA:132,0
DA:133,0
DA:136,0
DA:137,0
DA:138,0
DA:141,0
DA:142,0
DA:144,0
DA:145,0
DA:146,0
DA:147,0
DA:148,0
DA:157,0
DA:162,0
DA:163,0
DA:167,0
DA:174,0
DA:175,0
DA:176,0
DA:182,0
DA:185,0
DA:186,0
DA:187,0
DA:188,0
DA:190,0
DA:191,0
DA:192,0
DA:195,0
DA:197,0
DA:198,0
DA:201,0
DA:204,0
LF:77
LH:0
end_of_record
SF:lib/widgets/custom_date_picker.dart
DA:4,0
DA:9,0
DA:11,0
DA:12,0
DA:15,0
DA:16,0
DA:17,0
DA:19,0
DA:20,0
DA:24,0
DA:26,0
DA:27,0
DA:31,0
DA:33,0
DA:34,0
DA:38,0
DA:40,0
DA:42,0
DA:43,0
DA:44,0
DA:46,0
DA:47,0
DA:53,0
DA:54,0
DA:55,0
DA:56,0
DA:59,0
DA:60,0
DA:64,0
DA:65,0
DA:67,0
DA:68,0
DA:69,0
DA:70,0
DA:71,0
DA:74,0
DA:75,0
DA:79,0
DA:80,0
DA:82,0
DA:83,0
DA:89,0
DA:90,0
DA:91,0
DA:92,0
DA:95,0
DA:96,0
DA:105,0
DA:111,0
DA:112,0
DA:114,0
DA:115,0
DA:116,0
DA:119,0
DA:120,0
DA:121,0
DA:126,0
DA:128,0
DA:129,0
DA:135,0
DA:137,0
DA:143,0
DA:148,0
DA:153,0
DA:154,0
DA:159,0
DA:164,0
DA:165,0
DA:166,0
DA:167,0
LF:70
LH:0
end_of_record
SF:lib/widgets/water_intake_card.dart
DA:4,0
DA:8,0
DA:10,0
DA:12,0
DA:14,0
DA:15,0
DA:17,0
DA:19,0
DA:21,0
DA:22,0
DA:25,0
DA:26,0
DA:29,0
DA:37,0
DA:38,0
DA:43,0
DA:44,0
DA:45,0
DA:53,0
DA:54,0
DA:55,0
LF:21
LH:0
end_of_record
SF:lib/widgets/custom_dialog.dart
DA:4,0
DA:8,0
DA:10,0
DA:11,0
DA:12,0
DA:13,0
DA:15,0
DA:17,0
DA:20,0
DA:21,0
DA:22,0
LF:11
LH:0
end_of_record
SF:lib/widgets/custom_asset_video_player.dart
DA:4,0
DA:12,0
DA:14,0
DA:15,0
DA:17,0
DA:18,0
DA:20,0
DA:21,0
DA:22,0
DA:24,0
DA:26,0
DA:27,0
DA:28,0
DA:29,0
DA:30,0
DA:50,0
DA:51,0
DA:52,0
DA:53,0
DA:57,0
DA:59,0
DA:60,0
DA:61,0
DA:62,0
DA:63,0
DA:64,0
DA:65,0
DA:66,0
DA:67,0
DA:68,0
DA:69,0
DA:70,0
DA:74,0
DA:76,0
DA:78,0
DA:79,0
DA:83,0
DA:84,0
DA:91,0
DA:92,0
DA:93,0
DA:95,0
DA:96,0
DA:114,0
DA:115,0
DA:117,0
LF:46
LH:0
end_of_record
SF:lib/widgets/custom_outlined_button.dart
DA:4,0
DA:15,0
DA:17,0
DA:18,0
DA:19,0
DA:20,0
DA:22,0
DA:23,0
DA:36,0
DA:37,0
LF:10
LH:0
end_of_record
SF:lib/widgets/time_picker.dart
DA:4,0
DA:8,0
DA:10,0
DA:11,0
DA:13,0
DA:16,0
DA:19,0
DA:22,0
DA:25,0
DA:28,0
DA:31,0
DA:34,0
DA:35,0
DA:36,0
DA:38,0
DA:40,0
DA:41,0
DA:42,0
DA:44,0
DA:45,0
DA:49,0
DA:50,0
DA:52,0
DA:53,0
DA:57,0
DA:58,0
DA:60,0
DA:61,0
DA:68,0
DA:70,0
DA:71,0
DA:72,0
DA:73,0
DA:74,0
DA:79,0
DA:80,0
DA:81,0
DA:82,0
DA:84,0
DA:85,0
DA:86,0
DA:87,0
DA:101,0
DA:105,0
DA:107,0
DA:108,0
LF:46
LH:0
end_of_record
SF:lib/widgets/custom_text_field.dart
DA:4,0
DA:29,0
DA:31,0
DA:32,0
DA:33,0
DA:34,0
DA:35,0
DA:36,0
DA:38,0
DA:39,0
DA:40,0
LF:11
LH:0
end_of_record
SF:lib/repos/gpt_api_key_repo/gpt_api_key_repo.dart
DA:8,0
DA:9,0
DA:20,0
DA:22,0
DA:23,0
DA:25,0
DA:28,0
DA:30,0
DA:31,0
DA:34,0
LF:10
LH:0
end_of_record
SF:lib/repos/gpt_api_key_verify_repo/gemini/gemini_api_key_verify_repo.dart
DA:4,0
DA:11,0
DA:14,0
DA:19,0
DA:21,0
DA:26,0
DA:27,0
DA:29,0
DA:30,0
LF:9
LH:0
end_of_record
SF:lib/repos/gpt_api_key_verify_repo/gpt_api_key_verify_repo.dart
DA:10,0
DA:11,0
LF:2
LH:0
end_of_record
SF:lib/repos/meal_time_reminders_repo/meal_time_reminders_repo.dart
DA:7,0
DA:8,0
DA:20,0
DA:22,0
DA:23,0
DA:25,0
DA:27,0
DA:30,0
DA:31,0
DA:32,0
DA:38,0
DA:40,0
DA:41,0
DA:44,0
LF:14
LH:0
end_of_record
SF:lib/repos/nutrition_plan_repo/nutrition_plan_repo.dart
DA:7,0
DA:8,0
DA:19,0
DA:21,0
DA:22,0
DA:24,0
DA:27,0
DA:29,0
DA:30,0
DA:33,0
LF:10
LH:0
end_of_record
SF:lib/repos/nutrition_planner_repo/gemini/gemini_nutrition_planner_repo.dart
DA:4,0
DA:6,0
DA:9,0
DA:10,0
DA:12,0
DA:14,0
DA:16,0
DA:17,0
DA:18,0
LF:9
LH:0
end_of_record
SF:lib/repos/nutrition_planner_repo/nutrition_planner_repo.dart
DA:15,0
DA:16,0
LF:2
LH:0
end_of_record
SF:lib/repos/nutrition_planner_repo/gemini/config.dart
DA:3,0
DA:5,0
DA:6,0
DA:7,0
DA:9,0
DA:16,0
DA:17,0
DA:18,0
DA:19,0
DA:20,0
DA:21,0
DA:24,0
DA:28,0
DA:29,0
DA:30,0
DA:31,0
DA:32,0
DA:33,0
DA:34,0
DA:41,0
LF:20
LH:0
end_of_record
SF:lib/repos/nutrition_planner_repo/gemini/prompt.dart
DA:3,0
DA:6,0
DA:7,0
DA:8,0
DA:9,0
DA:10,0
DA:12,0
DA:13,0
DA:35,0
DA:38,0
DA:39,0
DA:52,0
LF:12
LH:0
end_of_record
SF:lib/repos/profile_repo/profile_repo.dart
DA:7,0
DA:8,0
DA:19,0
DA:21,0
DA:22,0
DA:24,0
DA:27,0
DA:29,0
DA:30,0
DA:33,0
LF:10
LH:0
end_of_record
SF:lib/states/app_state.dart
DA:4,2
DA:5,1
DA:7,0
DA:9,0
LF:4
LH:2
end_of_record
SF:lib/utils/hooks/init_hook.dart
DA:4,0
DA:5,0
DA:6,0
DA:7,0
LF:4
LH:0
end_of_record
SF:lib/utils/hooks/video_player_controller.dart
DA:5,0
DA:13,0
DA:14,0
DA:15,0
DA:21,0
DA:23,0
LF:6
LH:0
end_of_record
